
code.elf:     file format elf32-avr


Disassembly of section .text:

00000000 <__vectors>:
   0:	0c 94 34 00 	jmp	0x68	; 0x68 <__ctors_end>
   4:	0c 94 3e 00 	jmp	0x7c	; 0x7c <__bad_interrupt>
   8:	0c 94 3e 00 	jmp	0x7c	; 0x7c <__bad_interrupt>
   c:	0c 94 3e 00 	jmp	0x7c	; 0x7c <__bad_interrupt>
  10:	0c 94 3e 00 	jmp	0x7c	; 0x7c <__bad_interrupt>
  14:	0c 94 3e 00 	jmp	0x7c	; 0x7c <__bad_interrupt>
  18:	0c 94 3e 00 	jmp	0x7c	; 0x7c <__bad_interrupt>
  1c:	0c 94 3e 00 	jmp	0x7c	; 0x7c <__bad_interrupt>
  20:	0c 94 3e 00 	jmp	0x7c	; 0x7c <__bad_interrupt>
  24:	0c 94 3e 00 	jmp	0x7c	; 0x7c <__bad_interrupt>
  28:	0c 94 3e 00 	jmp	0x7c	; 0x7c <__bad_interrupt>
  2c:	0c 94 3e 00 	jmp	0x7c	; 0x7c <__bad_interrupt>
  30:	0c 94 3e 00 	jmp	0x7c	; 0x7c <__bad_interrupt>
  34:	0c 94 3e 00 	jmp	0x7c	; 0x7c <__bad_interrupt>
  38:	0c 94 3e 00 	jmp	0x7c	; 0x7c <__bad_interrupt>
  3c:	0c 94 3e 00 	jmp	0x7c	; 0x7c <__bad_interrupt>
  40:	0c 94 3e 00 	jmp	0x7c	; 0x7c <__bad_interrupt>
  44:	0c 94 3e 00 	jmp	0x7c	; 0x7c <__bad_interrupt>
  48:	0c 94 3e 00 	jmp	0x7c	; 0x7c <__bad_interrupt>
  4c:	0c 94 3e 00 	jmp	0x7c	; 0x7c <__bad_interrupt>
  50:	0c 94 3e 00 	jmp	0x7c	; 0x7c <__bad_interrupt>
  54:	0c 94 3e 00 	jmp	0x7c	; 0x7c <__bad_interrupt>
  58:	0c 94 3e 00 	jmp	0x7c	; 0x7c <__bad_interrupt>
  5c:	0c 94 3e 00 	jmp	0x7c	; 0x7c <__bad_interrupt>
  60:	0c 94 3e 00 	jmp	0x7c	; 0x7c <__bad_interrupt>
  64:	0c 94 3e 00 	jmp	0x7c	; 0x7c <__bad_interrupt>

00000068 <__ctors_end>:
  68:	11 24       	eor	r1, r1
  6a:	1f be       	out	0x3f, r1	; 63
  6c:	cf ef       	ldi	r28, 0xFF	; 255
  6e:	d8 e0       	ldi	r29, 0x08	; 8
  70:	de bf       	out	0x3e, r29	; 62
  72:	cd bf       	out	0x3d, r28	; 61
  74:	0e 94 40 00 	call	0x80	; 0x80 <main>
  78:	0c 94 5f 00 	jmp	0xbe	; 0xbe <_exit>

0000007c <__bad_interrupt>:
  7c:	0c 94 00 00 	jmp	0	; 0x0 <__vectors>

00000080 <main>:
  80:	f8 94       	cli
  82:	83 e2       	ldi	r24, 0x23	; 35
  84:	80 93 b0 00 	sts	0x00B0, r24	; 0x8000b0 <__TEXT_REGION_LENGTH__+0x7f80b0>
  88:	8e e0       	ldi	r24, 0x0E	; 14
  8a:	80 93 b1 00 	sts	0x00B1, r24	; 0x8000b1 <__TEXT_REGION_LENGTH__+0x7f80b1>
  8e:	84 e6       	ldi	r24, 0x64	; 100
  90:	80 93 b3 00 	sts	0x00B3, r24	; 0x8000b3 <__TEXT_REGION_LENGTH__+0x7f80b3>
  94:	89 e1       	ldi	r24, 0x19	; 25
  96:	80 93 b4 00 	sts	0x00B4, r24	; 0x8000b4 <__TEXT_REGION_LENGTH__+0x7f80b4>
  9a:	53 9a       	sbi	0x0a, 3	; 10
  9c:	78 94       	sei
  9e:	8a e0       	ldi	r24, 0x0A	; 10
  a0:	80 93 b4 00 	sts	0x00B4, r24	; 0x8000b4 <__TEXT_REGION_LENGTH__+0x7f80b4>
  a4:	2f ef       	ldi	r18, 0xFF	; 255
  a6:	39 ef       	ldi	r19, 0xF9	; 249
  a8:	90 e0       	ldi	r25, 0x00	; 0
  aa:	21 50       	subi	r18, 0x01	; 1
  ac:	30 40       	sbci	r19, 0x00	; 0
  ae:	90 40       	sbci	r25, 0x00	; 0
  b0:	e1 f7       	brne	.-8      	; 0xaa <main+0x2a>
  b2:	00 c0       	rjmp	.+0      	; 0xb4 <main+0x34>
  b4:	00 00       	nop
  b6:	85 36       	cpi	r24, 0x65	; 101
  b8:	90 f7       	brcc	.-28     	; 0x9e <main+0x1e>
  ba:	8f 5f       	subi	r24, 0xFF	; 255
  bc:	f1 cf       	rjmp	.-30     	; 0xa0 <main+0x20>

000000be <_exit>:
  be:	f8 94       	cli

000000c0 <__stop_program>:
  c0:	ff cf       	rjmp	.-2      	; 0xc0 <__stop_program>
