
code.elf:     file format elf32-avr


Disassembly of section .text:

00000000 <__vectors>:
   0:	0c 94 34 00 	jmp	0x68	; 0x68 <__ctors_end>
   4:	0c 94 3e 00 	jmp	0x7c	; 0x7c <__bad_interrupt>
   8:	0c 94 3e 00 	jmp	0x7c	; 0x7c <__bad_interrupt>
   c:	0c 94 3e 00 	jmp	0x7c	; 0x7c <__bad_interrupt>
  10:	0c 94 3e 00 	jmp	0x7c	; 0x7c <__bad_interrupt>
  14:	0c 94 3e 00 	jmp	0x7c	; 0x7c <__bad_interrupt>
  18:	0c 94 3e 00 	jmp	0x7c	; 0x7c <__bad_interrupt>
  1c:	0c 94 3e 00 	jmp	0x7c	; 0x7c <__bad_interrupt>
  20:	0c 94 3e 00 	jmp	0x7c	; 0x7c <__bad_interrupt>
  24:	0c 94 40 00 	jmp	0x80	; 0x80 <__vector_9>
  28:	0c 94 3e 00 	jmp	0x7c	; 0x7c <__bad_interrupt>
  2c:	0c 94 3e 00 	jmp	0x7c	; 0x7c <__bad_interrupt>
  30:	0c 94 3e 00 	jmp	0x7c	; 0x7c <__bad_interrupt>
  34:	0c 94 3e 00 	jmp	0x7c	; 0x7c <__bad_interrupt>
  38:	0c 94 3e 00 	jmp	0x7c	; 0x7c <__bad_interrupt>
  3c:	0c 94 3e 00 	jmp	0x7c	; 0x7c <__bad_interrupt>
  40:	0c 94 3e 00 	jmp	0x7c	; 0x7c <__bad_interrupt>
  44:	0c 94 3e 00 	jmp	0x7c	; 0x7c <__bad_interrupt>
  48:	0c 94 3e 00 	jmp	0x7c	; 0x7c <__bad_interrupt>
  4c:	0c 94 3e 00 	jmp	0x7c	; 0x7c <__bad_interrupt>
  50:	0c 94 3e 00 	jmp	0x7c	; 0x7c <__bad_interrupt>
  54:	0c 94 3e 00 	jmp	0x7c	; 0x7c <__bad_interrupt>
  58:	0c 94 3e 00 	jmp	0x7c	; 0x7c <__bad_interrupt>
  5c:	0c 94 3e 00 	jmp	0x7c	; 0x7c <__bad_interrupt>
  60:	0c 94 3e 00 	jmp	0x7c	; 0x7c <__bad_interrupt>
  64:	0c 94 3e 00 	jmp	0x7c	; 0x7c <__bad_interrupt>

00000068 <__ctors_end>:
  68:	11 24       	eor	r1, r1
  6a:	1f be       	out	0x3f, r1	; 63
  6c:	cf ef       	ldi	r28, 0xFF	; 255
  6e:	d8 e0       	ldi	r29, 0x08	; 8
  70:	de bf       	out	0x3e, r29	; 62
  72:	cd bf       	out	0x3d, r28	; 61
  74:	0e 94 52 00 	call	0xa4	; 0xa4 <main>
  78:	0c 94 5e 00 	jmp	0xbc	; 0xbc <_exit>

0000007c <__bad_interrupt>:
  7c:	0c 94 00 00 	jmp	0	; 0x0 <__vectors>

00000080 <__vector_9>:
  80:	1f 92       	push	r1
  82:	0f 92       	push	r0
  84:	0f b6       	in	r0, 0x3f	; 63
  86:	0f 92       	push	r0
  88:	11 24       	eor	r1, r1
  8a:	8f 93       	push	r24
  8c:	9f 93       	push	r25
  8e:	9b b1       	in	r25, 0x0b	; 11
  90:	80 e2       	ldi	r24, 0x20	; 32
  92:	89 27       	eor	r24, r25
  94:	8b b9       	out	0x0b, r24	; 11
  96:	9f 91       	pop	r25
  98:	8f 91       	pop	r24
  9a:	0f 90       	pop	r0
  9c:	0f be       	out	0x3f, r0	; 63
  9e:	0f 90       	pop	r0
  a0:	1f 90       	pop	r1
  a2:	18 95       	reti

000000a4 <main>:
  a4:	f8 94       	cli
  a6:	10 92 b0 00 	sts	0x00B0, r1	; 0x8000b0 <__TEXT_REGION_LENGTH__+0x7f80b0>
  aa:	87 e0       	ldi	r24, 0x07	; 7
  ac:	80 93 b1 00 	sts	0x00B1, r24	; 0x8000b1 <__TEXT_REGION_LENGTH__+0x7f80b1>
  b0:	81 e0       	ldi	r24, 0x01	; 1
  b2:	80 93 70 00 	sts	0x0070, r24	; 0x800070 <__TEXT_REGION_LENGTH__+0x7f8070>
  b6:	55 9a       	sbi	0x0a, 5	; 10
  b8:	78 94       	sei
  ba:	ff cf       	rjmp	.-2      	; 0xba <main+0x16>

000000bc <_exit>:
  bc:	f8 94       	cli

000000be <__stop_program>:
  be:	ff cf       	rjmp	.-2      	; 0xbe <__stop_program>
